<?xml version="1.0" encoding="UTF-8"?>
<testng-results skipped="0" failed="0" ignored="0" total="20" passed="20">
  <reporter-output>
  </reporter-output>
  <suite name="Suite" duration-ms="60240" started-at="2018-06-12T15:51:10Z" finished-at="2018-06-12T15:52:10Z">
    <groups>
    </groups>
    <test name="HerokuapphomeTest" duration-ms="13862" started-at="2018-06-12T15:51:10Z" finished-at="2018-06-12T15:51:24Z">
      <class name="SampleProject.Sample.HerokuapphomeTest">
        <test-method status="PASS" signature="initialize()[pri:0, instance:SampleProject.Sample.HerokuapphomeTest@47542153]" name="initialize" is-config="true" duration-ms="12708" started-at="2018-06-12T15:51:10Z" finished-at="2018-06-12T15:51:23Z">
          <reporter-output>
          </reporter-output>
        </test-method> <!-- initialize -->
        <test-method status="PASS" signature="validateImageGithub()[pri:0, instance:SampleProject.Sample.HerokuapphomeTest@47542153]" name="validateImageGithub" duration-ms="339" started-at="2018-06-12T15:51:23Z" finished-at="2018-06-12T15:51:23Z">
          <reporter-output>
          </reporter-output>
        </test-method> <!-- validateImageGithub -->
        <test-method status="PASS" signature="validateLinkelementselenium()[pri:0, instance:SampleProject.Sample.HerokuapphomeTest@47542153]" name="validateLinkelementselenium" duration-ms="151" started-at="2018-06-12T15:51:23Z" finished-at="2018-06-12T15:51:23Z">
          <reporter-output>
          </reporter-output>
        </test-method> <!-- validateLinkelementselenium -->
        <test-method status="PASS" signature="validateheader()[pri:0, instance:SampleProject.Sample.HerokuapphomeTest@47542153]" name="validateheader" duration-ms="185" started-at="2018-06-12T15:51:23Z" finished-at="2018-06-12T15:51:23Z">
          <reporter-output>
          </reporter-output>
        </test-method> <!-- validateheader -->
        <test-method status="PASS" signature="validateurl()[pri:1, instance:SampleProject.Sample.HerokuapphomeTest@47542153]" name="validateurl" duration-ms="47" started-at="2018-06-12T15:51:23Z" finished-at="2018-06-12T15:51:23Z">
          <reporter-output>
          </reporter-output>
        </test-method> <!-- validateurl -->
        <test-method status="PASS" signature="teardown()[pri:0, instance:SampleProject.Sample.HerokuapphomeTest@47542153]" name="teardown" is-config="true" duration-ms="348" started-at="2018-06-12T15:51:23Z" finished-at="2018-06-12T15:51:24Z">
          <reporter-output>
          </reporter-output>
        </test-method> <!-- teardown -->
      </class> <!-- SampleProject.Sample.HerokuapphomeTest -->
    </test> <!-- HerokuapphomeTest -->
    <test name="ButtonsTest" duration-ms="14218" started-at="2018-06-12T15:51:24Z" finished-at="2018-06-12T15:51:38Z">
      <class name="SampleProject.Sample.ButtonsTest">
        <test-method status="PASS" signature="initialize()[pri:0, instance:SampleProject.Sample.ButtonsTest@75329a49]" name="initialize" is-config="true" duration-ms="13216" started-at="2018-06-12T15:51:24Z" finished-at="2018-06-12T15:51:37Z">
          <reporter-output>
          </reporter-output>
        </test-method> <!-- initialize -->
        <test-method status="PASS" signature="validateButton1()[pri:0, instance:SampleProject.Sample.ButtonsTest@75329a49]" name="validateButton1" duration-ms="168" started-at="2018-06-12T15:51:37Z" finished-at="2018-06-12T15:51:37Z">
          <reporter-output>
          </reporter-output>
        </test-method> <!-- validateButton1 -->
        <test-method status="PASS" signature="validateButton2()[pri:0, instance:SampleProject.Sample.ButtonsTest@75329a49]" name="validateButton2" duration-ms="125" started-at="2018-06-12T15:51:37Z" finished-at="2018-06-12T15:51:37Z">
          <reporter-output>
          </reporter-output>
        </test-method> <!-- validateButton2 -->
        <test-method status="PASS" signature="validateButton3()[pri:0, instance:SampleProject.Sample.ButtonsTest@75329a49]" name="validateButton3" duration-ms="78" started-at="2018-06-12T15:51:37Z" finished-at="2018-06-12T15:51:37Z">
          <reporter-output>
          </reporter-output>
        </test-method> <!-- validateButton3 -->
        <test-method status="PASS" signature="validateButtonCount()[pri:0, instance:SampleProject.Sample.ButtonsTest@75329a49]" name="validateButtonCount" duration-ms="109" started-at="2018-06-12T15:51:37Z" finished-at="2018-06-12T15:51:38Z">
          <reporter-output>
          </reporter-output>
        </test-method> <!-- validateButtonCount -->
        <test-method status="PASS" signature="validateurl()[pri:1, instance:SampleProject.Sample.ButtonsTest@75329a49]" name="validateurl" duration-ms="203" started-at="2018-06-12T15:51:38Z" finished-at="2018-06-12T15:51:38Z">
          <reporter-output>
          </reporter-output>
        </test-method> <!-- validateurl -->
        <test-method status="PASS" signature="teardown()[pri:0, instance:SampleProject.Sample.ButtonsTest@75329a49]" name="teardown" is-config="true" duration-ms="264" started-at="2018-06-12T15:51:38Z" finished-at="2018-06-12T15:51:38Z">
          <reporter-output>
          </reporter-output>
        </test-method> <!-- teardown -->
      </class> <!-- SampleProject.Sample.ButtonsTest -->
    </test> <!-- ButtonsTest -->
    <test name="Tablevalidations" duration-ms="9700" started-at="2018-06-12T15:51:38Z" finished-at="2018-06-12T15:51:48Z">
      <class name="SampleProject.Sample.Tablevalidations">
        <test-method status="PASS" signature="initialize()[pri:0, instance:SampleProject.Sample.Tablevalidations@1f0f1111]" name="initialize" is-config="true" duration-ms="8889" started-at="2018-06-12T15:51:38Z" finished-at="2018-06-12T15:51:47Z">
          <reporter-output>
          </reporter-output>
        </test-method> <!-- initialize -->
        <test-method status="PASS" signature="validateImageGithub()[pri:0, instance:SampleProject.Sample.Tablevalidations@1f0f1111]" name="validateImageGithub" duration-ms="157" started-at="2018-06-12T15:51:47Z" finished-at="2018-06-12T15:51:47Z">
          <reporter-output>
          </reporter-output>
        </test-method> <!-- validateImageGithub -->
        <test-method status="PASS" signature="validateLinkelementsselenium()[pri:0, instance:SampleProject.Sample.Tablevalidations@1f0f1111]" name="validateLinkelementsselenium" duration-ms="122" started-at="2018-06-12T15:51:47Z" finished-at="2018-06-12T15:51:47Z">
          <reporter-output>
          </reporter-output>
        </test-method> <!-- validateLinkelementsselenium -->
        <test-method status="PASS" signature="validateTableheader()[pri:0, instance:SampleProject.Sample.Tablevalidations@1f0f1111]" name="validateTableheader" duration-ms="172" started-at="2018-06-12T15:51:47Z" finished-at="2018-06-12T15:51:47Z">
          <reporter-output>
          </reporter-output>
        </test-method> <!-- validateTableheader -->
        <test-method status="PASS" signature="validateTableheadercount()[pri:0, instance:SampleProject.Sample.Tablevalidations@1f0f1111]" name="validateTableheadercount" duration-ms="62" started-at="2018-06-12T15:51:47Z" finished-at="2018-06-12T15:51:48Z">
          <reporter-output>
          </reporter-output>
        </test-method> <!-- validateTableheadercount -->
        <test-method status="PASS" signature="validaterowscount()[pri:0, instance:SampleProject.Sample.Tablevalidations@1f0f1111]" name="validaterowscount" duration-ms="110" started-at="2018-06-12T15:51:48Z" finished-at="2018-06-12T15:51:48Z">
          <reporter-output>
          </reporter-output>
        </test-method> <!-- validaterowscount -->
        <test-method status="PASS" signature="validateurl()[pri:1, instance:SampleProject.Sample.Tablevalidations@1f0f1111]" name="validateurl" duration-ms="15" started-at="2018-06-12T15:51:48Z" finished-at="2018-06-12T15:51:48Z">
          <reporter-output>
          </reporter-output>
        </test-method> <!-- validateurl -->
        <test-method status="PASS" signature="teardown()[pri:0, instance:SampleProject.Sample.Tablevalidations@1f0f1111]" name="teardown" is-config="true" duration-ms="153" started-at="2018-06-12T15:51:48Z" finished-at="2018-06-12T15:51:48Z">
          <reporter-output>
          </reporter-output>
        </test-method> <!-- teardown -->
      </class> <!-- SampleProject.Sample.Tablevalidations -->
    </test> <!-- Tablevalidations -->
    <test name="ValidateLinksTest" duration-ms="22261" started-at="2018-06-12T15:51:48Z" finished-at="2018-06-12T15:52:10Z">
      <class name="SampleProject.Sample.ValidateLinksTest">
        <test-method status="PASS" signature="initialize()[pri:0, instance:SampleProject.Sample.ValidateLinksTest@794cb805]" name="initialize" is-config="true" duration-ms="9876" started-at="2018-06-12T15:51:48Z" finished-at="2018-06-12T15:51:58Z">
          <reporter-output>
          </reporter-output>
        </test-method> <!-- initialize -->
        <test-method status="PASS" signature="validateurl()[pri:0, instance:SampleProject.Sample.ValidateLinksTest@794cb805]" name="validateurl" duration-ms="58" started-at="2018-06-12T15:51:58Z" finished-at="2018-06-12T15:51:58Z">
          <reporter-output>
          </reporter-output>
        </test-method> <!-- validateurl -->
        <test-method status="PASS" signature="validateEditLink()[pri:1, instance:SampleProject.Sample.ValidateLinksTest@794cb805]" name="validateEditLink" duration-ms="462" started-at="2018-06-12T15:51:58Z" finished-at="2018-06-12T15:51:58Z">
          <reporter-output>
          </reporter-output>
        </test-method> <!-- validateEditLink -->
        <test-method status="PASS" signature="validateDeleteLink()[pri:2, instance:SampleProject.Sample.ValidateLinksTest@794cb805]" name="validateDeleteLink" duration-ms="466" started-at="2018-06-12T15:51:58Z" finished-at="2018-06-12T15:51:59Z">
          <reporter-output>
          </reporter-output>
        </test-method> <!-- validateDeleteLink -->
        <test-method status="PASS" signature="validateImageGithub()[pri:3, instance:SampleProject.Sample.ValidateLinksTest@794cb805]" name="validateImageGithub" duration-ms="8221" started-at="2018-06-12T15:51:59Z" finished-at="2018-06-12T15:52:07Z">
          <reporter-output>
          </reporter-output>
        </test-method> <!-- validateImageGithub -->
        <test-method status="PASS" signature="validateLinkelementsselenium()[pri:4, instance:SampleProject.Sample.ValidateLinksTest@794cb805]" name="validateLinkelementsselenium" duration-ms="1577" started-at="2018-06-12T15:52:07Z" finished-at="2018-06-12T15:52:09Z">
          <reporter-output>
          </reporter-output>
        </test-method> <!-- validateLinkelementsselenium -->
        <test-method status="PASS" signature="teardown()[pri:0, instance:SampleProject.Sample.ValidateLinksTest@794cb805]" name="teardown" is-config="true" duration-ms="1579" started-at="2018-06-12T15:52:09Z" finished-at="2018-06-12T15:52:10Z">
          <reporter-output>
          </reporter-output>
        </test-method> <!-- teardown -->
      </class> <!-- SampleProject.Sample.ValidateLinksTest -->
    </test> <!-- ValidateLinksTest -->
  </suite> <!-- Suite -->
</testng-results>
