<?xml version="1.0" encoding="UTF-8"?>
<!-- Generated by org.testng.reporters.JUnitXMLReporter -->
<testsuite hostname="Ratna" ignored="0" name="HerokuapphomeTest" tests="4" failures="0" timestamp="12 Jun 2018 18:55:16 GMT" time="24.534" errors="0">
  <testcase name="validateImageGithub" time="0.26" classname="com.test.sqs.HerokuapphomeTest"/>
  <testcase name="validateLinkelementselenium" time="0.128" classname="com.test.sqs.HerokuapphomeTest"/>
  <testcase name="validateheader" time="0.147" classname="com.test.sqs.HerokuapphomeTest"/>
  <testcase name="validateurl" time="0.015" classname="com.test.sqs.HerokuapphomeTest"/>
</testsuite> <!-- HerokuapphomeTest -->
