<?xml version="1.0" encoding="UTF-8"?>
<!-- Generated by org.testng.reporters.JUnitXMLReporter -->
<testsuite hostname="Ratna" ignored="0" name="HerokuapphomeTest" tests="4" failures="0" timestamp="12 Jun 2018 15:51:24 GMT" time="13.862" errors="0">
  <testcase name="validateImageGithub" time="0.339" classname="SampleProject.Sample.HerokuapphomeTest"/>
  <testcase name="validateLinkelementselenium" time="0.151" classname="SampleProject.Sample.HerokuapphomeTest"/>
  <testcase name="validateheader" time="0.185" classname="SampleProject.Sample.HerokuapphomeTest"/>
  <testcase name="validateurl" time="0.047" classname="SampleProject.Sample.HerokuapphomeTest"/>
</testsuite> <!-- HerokuapphomeTest -->
