<?xml version="1.0" encoding="UTF-8"?>
<!-- Generated by org.testng.reporters.JUnitXMLReporter -->
<testsuite hostname="Ratna" ignored="0" name="Tablevalidations" tests="4" failures="0" timestamp="12 Jun 2018 22:41:20 GMT" time="12.303" errors="0">
  <testcase name="validateTableheader" time="0.197" classname="com.test.sqs.Tablevalidations"/>
  <testcase name="validateTableheadercount" time="0.158" classname="com.test.sqs.Tablevalidations"/>
  <testcase name="validaterowscount" time="0.063" classname="com.test.sqs.Tablevalidations"/>
  <testcase name="validateurl" time="0.016" classname="com.test.sqs.Tablevalidations"/>
</testsuite> <!-- Tablevalidations -->
