<?xml version="1.0" encoding="UTF-8"?>
<!-- Generated by org.testng.reporters.JUnitXMLReporter -->
<testsuite hostname="Ratna" ignored="0" name="Test" tests="13" failures="0" timestamp="12 Jun 2018 13:33:47 GMT" time="97.513" errors="0">
  <testcase name="@AfterTest teardown" time="0.001" classname="SampleProject.Sample.HerokuapphomeTest">
    <failure type="java.lang.NullPointerException">
      <![CDATA[java.lang.NullPointerException
at SampleProject.Sample.HerokuapphomeTest.teardown(HerokuapphomeTest.java:60)
... Removed 24 stack frames]]>
    </failure>
  </testcase> <!-- @AfterTest teardown -->
  <testcase name="@AfterTest teardown" time="0.0" classname="SampleProject.Sample.Tablevalidations">
    <skipped/>
  </testcase> <!-- @AfterTest teardown -->
  <testcase name="@AfterTest teardown" time="0.0" classname="SampleProject.Sample.ValidateLinksTest">
    <skipped/>
  </testcase> <!-- @AfterTest teardown -->
  <testcase name="validateurl" time="0.129" classname="SampleProject.Sample.ValidateLinksTest"/>
  <testcase name="validateButton1" time="0.678" classname="SampleProject.Sample.ButtonsTest"/>
  <testcase name="validateButton2" time="0.358" classname="SampleProject.Sample.ButtonsTest"/>
  <testcase name="validateButton3" time="0.184" classname="SampleProject.Sample.ButtonsTest"/>
  <testcase name="validateButtonCount" time="0.282" classname="SampleProject.Sample.ButtonsTest"/>
  <testcase name="validateImageGithub" time="0.161" classname="SampleProject.Sample.Tablevalidations"/>
  <testcase name="validateLinkelementsselenium" time="0.361" classname="SampleProject.Sample.Tablevalidations"/>
  <testcase name="validateTableheader" time="1.098" classname="SampleProject.Sample.Tablevalidations"/>
  <testcase name="validateTableheadercount" time="0.228" classname="SampleProject.Sample.Tablevalidations"/>
  <testcase name="validaterowscount" time="0.121" classname="SampleProject.Sample.Tablevalidations"/>
  <testcase name="validateImageGithub" time="0.106" classname="SampleProject.Sample.HerokuapphomeTest"/>
  <testcase name="validateLinkelementsselenium" time="0.079" classname="SampleProject.Sample.HerokuapphomeTest"/>
  <testcase name="validateheader" time="0.218" classname="SampleProject.Sample.HerokuapphomeTest"/>
</testsuite> <!-- Test -->
