<?xml version="1.0" encoding="UTF-8"?>
<!-- Generated by org.testng.reporters.JUnitXMLReporter -->
<testsuite hostname="Ratna" ignored="0" name="ValidateLinksTest" tests="5" failures="0" timestamp="12 Jun 2018 15:52:10 GMT" time="22.261" errors="0">
  <testcase name="validateurl" time="0.058" classname="SampleProject.Sample.ValidateLinksTest"/>
  <testcase name="validateEditLink" time="0.462" classname="SampleProject.Sample.ValidateLinksTest"/>
  <testcase name="validateDeleteLink" time="0.466" classname="SampleProject.Sample.ValidateLinksTest"/>
  <testcase name="validateImageGithub" time="8.221" classname="SampleProject.Sample.ValidateLinksTest"/>
  <testcase name="validateLinkelementsselenium" time="1.577" classname="SampleProject.Sample.ValidateLinksTest"/>
</testsuite> <!-- ValidateLinksTest -->
