<?xml version="1.0" encoding="UTF-8"?>
<!-- Generated by org.testng.reporters.JUnitXMLReporter -->
<testsuite hostname="Ratna" ignored="0" name="ValidateLinksTest" tests="5" failures="0" timestamp="12 Jun 2018 22:41:46 GMT" time="25.248" errors="0">
  <testcase name="validateurl" time="0.035" classname="com.test.sqs.ValidateLinksTest"/>
  <testcase name="validateEditLink" time="0.381" classname="com.test.sqs.ValidateLinksTest"/>
  <testcase name="validateDeleteLink" time="0.374" classname="com.test.sqs.ValidateLinksTest"/>
  <testcase name="validateImageGithub" time="8.954" classname="com.test.sqs.ValidateLinksTest"/>
  <testcase name="validateLinkelementsselenium" time="1.185" classname="com.test.sqs.ValidateLinksTest"/>
</testsuite> <!-- ValidateLinksTest -->
