<?xml version="1.0" encoding="UTF-8"?>
<!-- Generated by org.testng.reporters.JUnitXMLReporter -->
<testsuite hostname="Ratna" ignored="0" name="Default test" tests="4" failures="0" timestamp="12 Jun 2018 15:39:17 GMT" time="26.266" errors="0">
  <testcase name="validateImageGithub" time="0.615" classname="SampleProject.Sample.HerokuapphomeTest"/>
  <testcase name="validateLinkelementselenium" time="0.157" classname="SampleProject.Sample.HerokuapphomeTest"/>
  <testcase name="validateheader" time="0.138" classname="SampleProject.Sample.HerokuapphomeTest"/>
  <testcase name="validateurl" time="0.031" classname="SampleProject.Sample.HerokuapphomeTest"/>
</testsuite> <!-- Default test -->
